<?xml version="1.0" encoding="UTF-8"?>
<!-- Generated by org.testng.reporters.JUnitXMLReporter -->
<testsuite hostname="SIL-WIN-17" ignored="2" name="Create Account Pop-up" tests="5" failures="2" timestamp="2019-09-25T13:01:41 IST" time="22.556" errors="0">
  <testcase name="verifyAddTestCaseName" time="0.008" classname="com.flowers.testcases.TC_Module2_CreateAccount"/>
  <testcase name="verifySwitchWindow" time="0.276" classname="com.flowers.testcases.TC_Module2_CreateAccount"/>
  <testcase name="verifyCreateAccountTitle" time="4.045" classname="com.flowers.testcases.TC_Module2_CreateAccount">
    <failure type="java.lang.AssertionError" message="expected [1800Flowers - Create Account] but found [Harry and David - Sign In]">
      <![CDATA[java.lang.AssertionError: expected [1800Flowers - Create Account] but found [Harry and David - Sign In]
at com.flowers.action.A2_CreateAccount.verifyCreateAccountTitle(A2_CreateAccount.java:54)
at com.flowers.testcases.TC_Module2_CreateAccount.verifyCreateAccountTitle(TC_Module2_CreateAccount.java:24)
at java.util.ArrayList.forEach(ArrayList.java:1257)
... Removed 32 stack frames]]>
    </failure>
  </testcase> <!-- verifyCreateAccountTitle -->
  <testcase name="verifyCreateAccountWithBlankFields" time="1.957" classname="com.flowers.testcases.TC_Module2_CreateAccount"/>
  <testcase name="verifyCreateAccountWithInvalidEmail" time="15.341" classname="com.flowers.testcases.TC_Module2_CreateAccount">
    <failure type="org.openqa.selenium.NoSuchElementException" message="no such element: Unable to locate element: {&amp;quot;method&amp;quot;:&amp;quot;css selector&amp;quot;,&amp;quot;selector&amp;quot;:&amp;quot;#emailField1&amp;quot;}
  (Session info: chrome=77.0.3865.90)
For documentation on this error, please visit: http://seleniumhq.org/exceptions/no_such_element.html
Build info: version: &amp;apos;3.14.0&amp;apos;, revision: &amp;apos;aacccce0&amp;apos;, time: &amp;apos;2018-08-02T20:19:58.91Z&amp;apos;
System info: host: &amp;apos;SIL-WIN-17&amp;apos;, ip: &amp;apos;10.116.188.17&amp;apos;, os.name: &amp;apos;Windows 10&amp;apos;, os.arch: &amp;apos;amd64&amp;apos;, os.version: &amp;apos;10.0&amp;apos;, java.version: &amp;apos;1.8.0_211&amp;apos;
Driver info: org.openqa.selenium.chrome.ChromeDriver
Capabilities {acceptInsecureCerts: false, browserName: chrome, browserVersion: 77.0.3865.90, chrome: {chromedriverVersion: 76.0.3809.68 (420c9498db8ce..., userDataDir: C:\Users\sooryen\AppData\Lo...}, goog:chromeOptions: {debuggerAddress: localhost:63201}, javascriptEnabled: true, networkConnectionEnabled: false, pageLoadStrategy: normal, platform: XP, platformName: XP, proxy: Proxy(), setWindowRect: true, strictFileInteractability: false, timeouts: {implicit: 0, pageLoad: 300000, script: 30000}, unhandledPromptBehavior: dismiss and notify}
Session ID: 10dffba5b6e865d2aa09f6fa6bb4ab54
*** Element info: {Using=id, value=emailField1}">
      <![CDATA[org.openqa.selenium.NoSuchElementException: no such element: Unable to locate element: {"method":"css selector","selector":"#emailField1"}
  (Session info: chrome=77.0.3865.90)
For documentation on this error, please visit: http://seleniumhq.org/exceptions/no_such_element.html
Build info: version: '3.14.0', revision: 'aacccce0', time: '2018-08-02T20:19:58.91Z'
System info: host: 'SIL-WIN-17', ip: '10.116.188.17', os.name: 'Windows 10', os.arch: 'amd64', os.version: '10.0', java.version: '1.8.0_211'
Driver info: org.openqa.selenium.chrome.ChromeDriver
Capabilities {acceptInsecureCerts: false, browserName: chrome, browserVersion: 77.0.3865.90, chrome: {chromedriverVersion: 76.0.3809.68 (420c9498db8ce..., userDataDir: C:\Users\sooryen\AppData\Lo...}, goog:chromeOptions: {debuggerAddress: localhost:63201}, javascriptEnabled: true, networkConnectionEnabled: false, pageLoadStrategy: normal, platform: XP, platformName: XP, proxy: Proxy(), setWindowRect: true, strictFileInteractability: false, timeouts: {implicit: 0, pageLoad: 300000, script: 30000}, unhandledPromptBehavior: dismiss and notify}
Session ID: 10dffba5b6e865d2aa09f6fa6bb4ab54
*** Element info: {Using=id, value=emailField1}
at org.openqa.selenium.remote.http.W3CHttpResponseCodec.createException(W3CHttpResponseCodec.java:187)
at org.openqa.selenium.remote.http.W3CHttpResponseCodec.decode(W3CHttpResponseCodec.java:122)
at org.openqa.selenium.remote.http.W3CHttpResponseCodec.decode(W3CHttpResponseCodec.java:49)
at org.openqa.selenium.remote.HttpCommandExecutor.execute(HttpCommandExecutor.java:158)
at org.openqa.selenium.remote.service.DriverCommandExecutor.execute(DriverCommandExecutor.java:83)
at org.openqa.selenium.remote.RemoteWebDriver.execute(RemoteWebDriver.java:548)
at org.openqa.selenium.remote.RemoteWebDriver.findElement(RemoteWebDriver.java:322)
at org.openqa.selenium.remote.RemoteWebDriver.findElementById(RemoteWebDriver.java:368)
at org.openqa.selenium.By$ById.findElement(By.java:188)
at org.openqa.selenium.remote.RemoteWebDriver.findElement(RemoteWebDriver.java:314)
at com.flowers.utils.Utility.getElementByid(Utility.java:50)
at com.flowers.action.A2_CreateAccount.verifyCreateAccountWithInvalidEmail(A2_CreateAccount.java:95)
at com.flowers.testcases.TC_Module2_CreateAccount.verifyCreateAccountWithInvalidEmail(TC_Module2_CreateAccount.java:34)
at java.util.ArrayList.forEach(ArrayList.java:1257)
... Removed 31 stack frames]]>
    </failure>
  </testcase> <!-- verifyCreateAccountWithInvalidEmail -->
  <testcase name="verifyCreateAccount" time="0.0" classname="com.flowers.testcases.TC_Module2_CreateAccount">
    <ignored/>
  </testcase> <!-- verifyCreateAccount -->
  <testcase name="verifyCreateAccountWithInvalidPassword" time="0.0" classname="com.flowers.testcases.TC_Module2_CreateAccount">
    <ignored/>
  </testcase> <!-- verifyCreateAccountWithInvalidPassword -->
</testsuite> <!-- Create Account Pop-up -->
