<?xml version="1.0" encoding="UTF-8"?>
<testng-results skipped="0" failed="1" ignored="1" total="28" passed="26">
  <reporter-output>
  </reporter-output>
  <suite name="Suite" duration-ms="138836" started-at="2019-08-28T10:07:24Z" finished-at="2019-08-28T10:09:43Z">
    <groups>
    </groups>
    <test name="Home Page" duration-ms="274" started-at="2019-08-28T10:07:24Z" finished-at="2019-08-28T10:07:25Z">
      <class name="com.flowers.testcases.TC1_Home">
        <test-method status="PASS" signature="addTestCaseName()[pri:1, instance:com.flowers.testcases.TC1_Home@5b464ce8]" name="addTestCaseName" duration-ms="22" started-at="2019-08-28T15:37:24Z" finished-at="2019-08-28T15:37:24Z">
          <reporter-output>
          </reporter-output>
        </test-method> <!-- addTestCaseName -->
        <test-method status="PASS" signature="getResult(org.testng.ITestResult)[pri:0, instance:com.flowers.testcases.TC1_Home@5b464ce8]" name="getResult" is-config="true" duration-ms="1" started-at="2019-08-28T15:37:24Z" finished-at="2019-08-28T15:37:24Z">
          <params>
            <param index="0">
              <value>
                <![CDATA[[TestResult name=addTestCaseName status=SUCCESS method=TC1_Home.addTestCaseName()[pri:1, instance:com.flowers.testcases.TC1_Home@5b464ce8] output={null}]]]>
              </value>
            </param>
          </params>
          <reporter-output>
          </reporter-output>
        </test-method> <!-- getResult -->
        <test-method status="PASS" signature="verifyBrowserLaunched()[pri:2, instance:com.flowers.testcases.TC1_Home@5b464ce8]" name="verifyBrowserLaunched" duration-ms="9" started-at="2019-08-28T15:37:24Z" finished-at="2019-08-28T15:37:24Z">
          <reporter-output>
          </reporter-output>
        </test-method> <!-- verifyBrowserLaunched -->
        <test-method status="PASS" signature="getResult(org.testng.ITestResult)[pri:0, instance:com.flowers.testcases.TC1_Home@5b464ce8]" name="getResult" is-config="true" duration-ms="0" started-at="2019-08-28T15:37:24Z" finished-at="2019-08-28T15:37:24Z">
          <params>
            <param index="0">
              <value>
                <![CDATA[[TestResult name=verifyBrowserLaunched status=SUCCESS method=TC1_Home.verifyBrowserLaunched()[pri:2, instance:com.flowers.testcases.TC1_Home@5b464ce8] output={null}]]]>
              </value>
            </param>
          </params>
          <reporter-output>
          </reporter-output>
        </test-method> <!-- getResult -->
        <test-method status="PASS" signature="verifyHomeTitle()[pri:3, instance:com.flowers.testcases.TC1_Home@5b464ce8]" name="verifyHomeTitle" duration-ms="12" started-at="2019-08-28T15:37:24Z" finished-at="2019-08-28T15:37:24Z">
          <reporter-output>
          </reporter-output>
        </test-method> <!-- verifyHomeTitle -->
        <test-method status="PASS" signature="getResult(org.testng.ITestResult)[pri:0, instance:com.flowers.testcases.TC1_Home@5b464ce8]" name="getResult" is-config="true" duration-ms="0" started-at="2019-08-28T15:37:24Z" finished-at="2019-08-28T15:37:24Z">
          <params>
            <param index="0">
              <value>
                <![CDATA[[TestResult name=verifyHomeTitle status=SUCCESS method=TC1_Home.verifyHomeTitle()[pri:3, instance:com.flowers.testcases.TC1_Home@5b464ce8] output={null}]]]>
              </value>
            </param>
          </params>
          <reporter-output>
          </reporter-output>
        </test-method> <!-- getResult -->
        <test-method status="PASS" signature="verifyLogo()[pri:4, instance:com.flowers.testcases.TC1_Home@5b464ce8]" name="verifyLogo" duration-ms="39" started-at="2019-08-28T15:37:24Z" finished-at="2019-08-28T15:37:25Z">
          <reporter-output>
          </reporter-output>
        </test-method> <!-- verifyLogo -->
        <test-method status="PASS" signature="verifyMouseHover()[pri:6, instance:com.flowers.testcases.TC1_Home@5b464ce8]" name="verifyMouseHover" duration-ms="152" started-at="2019-08-28T15:37:25Z" finished-at="2019-08-28T15:37:25Z">
          <reporter-output>
          </reporter-output>
        </test-method> <!-- verifyMouseHover -->
        <test-method status="PASS" signature="getResult(org.testng.ITestResult)[pri:0, instance:com.flowers.testcases.TC1_Home@5b464ce8]" name="getResult" is-config="true" duration-ms="0" started-at="2019-08-28T15:37:25Z" finished-at="2019-08-28T15:37:25Z">
          <params>
            <param index="0">
              <value>
                <![CDATA[[TestResult name=verifyLogo status=SUCCESS method=TC1_Home.verifyLogo()[pri:4, instance:com.flowers.testcases.TC1_Home@5b464ce8] output={null}]]]>
              </value>
            </param>
          </params>
          <reporter-output>
          </reporter-output>
        </test-method> <!-- getResult -->
        <test-method status="PASS" signature="getResult(org.testng.ITestResult)[pri:0, instance:com.flowers.testcases.TC1_Home@5b464ce8]" name="getResult" is-config="true" duration-ms="0" started-at="2019-08-28T15:37:25Z" finished-at="2019-08-28T15:37:25Z">
          <params>
            <param index="0">
              <value>
                <![CDATA[[TestResult name=verifyMouseHover status=SUCCESS method=TC1_Home.verifyMouseHover()[pri:6, instance:com.flowers.testcases.TC1_Home@5b464ce8] output={null}]]]>
              </value>
            </param>
          </params>
          <reporter-output>
          </reporter-output>
        </test-method> <!-- getResult -->
      </class> <!-- com.flowers.testcases.TC1_Home -->
    </test> <!-- Home Page -->
    <test name="Create Account Pop-up" duration-ms="29334" started-at="2019-08-28T10:07:25Z" finished-at="2019-08-28T10:07:54Z">
      <class name="com.flowers.testcases.TC3_SignIn">
        <test-method status="PASS" signature="addTestCaseName()[pri:1, instance:com.flowers.testcases.TC3_SignIn@13969fbe]" name="addTestCaseName" duration-ms="4" started-at="2019-08-28T15:37:25Z" finished-at="2019-08-28T15:37:25Z">
          <reporter-output>
          </reporter-output>
        </test-method> <!-- addTestCaseName -->
        <test-method status="PASS" signature="verifySwitchWindow()[pri:2, instance:com.flowers.testcases.TC3_SignIn@13969fbe]" name="verifySwitchWindow" duration-ms="322" started-at="2019-08-28T15:37:25Z" finished-at="2019-08-28T15:37:25Z">
          <reporter-output>
          </reporter-output>
        </test-method> <!-- verifySwitchWindow -->
        <test-method status="PASS" signature="getResult(org.testng.ITestResult)[pri:0, instance:com.flowers.testcases.TC3_SignIn@13969fbe]" name="getResult" is-config="true" duration-ms="0" started-at="2019-08-28T15:37:25Z" finished-at="2019-08-28T15:37:25Z">
          <params>
            <param index="0">
              <value>
                <![CDATA[[TestResult name=addTestCaseName status=SUCCESS method=TC3_SignIn.addTestCaseName()[pri:1, instance:com.flowers.testcases.TC3_SignIn@13969fbe] output={null}]]]>
              </value>
            </param>
          </params>
          <reporter-output>
          </reporter-output>
        </test-method> <!-- getResult -->
        <test-method status="PASS" signature="getResult(org.testng.ITestResult)[pri:0, instance:com.flowers.testcases.TC3_SignIn@13969fbe]" name="getResult" is-config="true" duration-ms="0" started-at="2019-08-28T15:37:25Z" finished-at="2019-08-28T15:37:25Z">
          <params>
            <param index="0">
              <value>
                <![CDATA[[TestResult name=verifySwitchWindow status=SUCCESS method=TC3_SignIn.verifySwitchWindow()[pri:2, instance:com.flowers.testcases.TC3_SignIn@13969fbe] output={null}]]]>
              </value>
            </param>
          </params>
          <reporter-output>
          </reporter-output>
        </test-method> <!-- getResult -->
        <test-method status="PASS" signature="verifySignInPopUpTitle()[pri:3, instance:com.flowers.testcases.TC3_SignIn@13969fbe]" name="verifySignInPopUpTitle" duration-ms="4385" started-at="2019-08-28T15:37:25Z" finished-at="2019-08-28T15:37:30Z">
          <reporter-output>
          </reporter-output>
        </test-method> <!-- verifySignInPopUpTitle -->
        <test-method status="PASS" signature="getResult(org.testng.ITestResult)[pri:0, instance:com.flowers.testcases.TC3_SignIn@13969fbe]" name="getResult" is-config="true" duration-ms="0" started-at="2019-08-28T15:37:30Z" finished-at="2019-08-28T15:37:30Z">
          <params>
            <param index="0">
              <value>
                <![CDATA[[TestResult name=verifySignInPopUpTitle status=SUCCESS method=TC3_SignIn.verifySignInPopUpTitle()[pri:3, instance:com.flowers.testcases.TC3_SignIn@13969fbe] output={null}]]]>
              </value>
            </param>
          </params>
          <reporter-output>
          </reporter-output>
        </test-method> <!-- getResult -->
        <test-method status="PASS" signature="verifySignInWithBlankDataFields()[pri:4, instance:com.flowers.testcases.TC3_SignIn@13969fbe]" name="verifySignInWithBlankDataFields" duration-ms="542" started-at="2019-08-28T15:37:30Z" finished-at="2019-08-28T15:37:30Z">
          <reporter-output>
          </reporter-output>
        </test-method> <!-- verifySignInWithBlankDataFields -->
        <test-method status="PASS" signature="verifySignInWithBlankEmail()[pri:5, instance:com.flowers.testcases.TC3_SignIn@13969fbe]" name="verifySignInWithBlankEmail" duration-ms="423" started-at="2019-08-28T15:37:30Z" finished-at="2019-08-28T15:37:30Z">
          <reporter-output>
          </reporter-output>
        </test-method> <!-- verifySignInWithBlankEmail -->
        <test-method status="PASS" signature="getResult(org.testng.ITestResult)[pri:0, instance:com.flowers.testcases.TC3_SignIn@13969fbe]" name="getResult" is-config="true" duration-ms="0" started-at="2019-08-28T15:37:30Z" finished-at="2019-08-28T15:37:30Z">
          <params>
            <param index="0">
              <value>
                <![CDATA[[TestResult name=verifySignInWithBlankDataFields status=SUCCESS method=TC3_SignIn.verifySignInWithBlankDataFields()[pri:4, instance:com.flowers.testcases.TC3_SignIn@13969fbe] output={null}]]]>
              </value>
            </param>
          </params>
          <reporter-output>
          </reporter-output>
        </test-method> <!-- getResult -->
        <test-method status="PASS" signature="getResult(org.testng.ITestResult)[pri:0, instance:com.flowers.testcases.TC3_SignIn@13969fbe]" name="getResult" is-config="true" duration-ms="0" started-at="2019-08-28T15:37:30Z" finished-at="2019-08-28T15:37:30Z">
          <params>
            <param index="0">
              <value>
                <![CDATA[[TestResult name=verifySignInWithBlankEmail status=SUCCESS method=TC3_SignIn.verifySignInWithBlankEmail()[pri:5, instance:com.flowers.testcases.TC3_SignIn@13969fbe] output={null}]]]>
              </value>
            </param>
          </params>
          <reporter-output>
          </reporter-output>
        </test-method> <!-- getResult -->
        <test-method status="PASS" signature="verifySignInWithBlankPassword()[pri:6, instance:com.flowers.testcases.TC3_SignIn@13969fbe]" name="verifySignInWithBlankPassword" duration-ms="361" started-at="2019-08-28T15:37:30Z" finished-at="2019-08-28T15:37:31Z">
          <reporter-output>
          </reporter-output>
        </test-method> <!-- verifySignInWithBlankPassword -->
        <test-method status="PASS" signature="verifySignInWithInvalidData()[pri:7, instance:com.flowers.testcases.TC3_SignIn@13969fbe]" name="verifySignInWithInvalidData" duration-ms="335" started-at="2019-08-28T15:37:31Z" finished-at="2019-08-28T15:37:31Z">
          <reporter-output>
          </reporter-output>
        </test-method> <!-- verifySignInWithInvalidData -->
        <test-method status="PASS" signature="getResult(org.testng.ITestResult)[pri:0, instance:com.flowers.testcases.TC3_SignIn@13969fbe]" name="getResult" is-config="true" duration-ms="0" started-at="2019-08-28T15:37:31Z" finished-at="2019-08-28T15:37:31Z">
          <params>
            <param index="0">
              <value>
                <![CDATA[[TestResult name=verifySignInWithBlankPassword status=SUCCESS method=TC3_SignIn.verifySignInWithBlankPassword()[pri:6, instance:com.flowers.testcases.TC3_SignIn@13969fbe] output={null}]]]>
              </value>
            </param>
          </params>
          <reporter-output>
          </reporter-output>
        </test-method> <!-- getResult -->
        <test-method status="PASS" signature="getResult(org.testng.ITestResult)[pri:0, instance:com.flowers.testcases.TC3_SignIn@13969fbe]" name="getResult" is-config="true" duration-ms="1" started-at="2019-08-28T15:37:31Z" finished-at="2019-08-28T15:37:31Z">
          <params>
            <param index="0">
              <value>
                <![CDATA[[TestResult name=verifySignInWithInvalidData status=SUCCESS method=TC3_SignIn.verifySignInWithInvalidData()[pri:7, instance:com.flowers.testcases.TC3_SignIn@13969fbe] output={null}]]]>
              </value>
            </param>
          </params>
          <reporter-output>
          </reporter-output>
        </test-method> <!-- getResult -->
        <test-method status="PASS" signature="verifySignInWithInvalidEmail()[pri:8, instance:com.flowers.testcases.TC3_SignIn@13969fbe]" name="verifySignInWithInvalidEmail" duration-ms="388" started-at="2019-08-28T15:37:31Z" finished-at="2019-08-28T15:37:32Z">
          <reporter-output>
          </reporter-output>
        </test-method> <!-- verifySignInWithInvalidEmail -->
        <test-method status="PASS" signature="getResult(org.testng.ITestResult)[pri:0, instance:com.flowers.testcases.TC3_SignIn@13969fbe]" name="getResult" is-config="true" duration-ms="0" started-at="2019-08-28T15:37:32Z" finished-at="2019-08-28T15:37:32Z">
          <params>
            <param index="0">
              <value>
                <![CDATA[[TestResult name=verifySignInWithInvalidEmail status=SUCCESS method=TC3_SignIn.verifySignInWithInvalidEmail()[pri:8, instance:com.flowers.testcases.TC3_SignIn@13969fbe] output={null}]]]>
              </value>
            </param>
          </params>
          <reporter-output>
          </reporter-output>
        </test-method> <!-- getResult -->
        <test-method status="PASS" signature="verifySignInWithInvalidPassword()[pri:9, instance:com.flowers.testcases.TC3_SignIn@13969fbe]" name="verifySignInWithInvalidPassword" duration-ms="300" started-at="2019-08-28T15:37:32Z" finished-at="2019-08-28T15:37:32Z">
          <reporter-output>
          </reporter-output>
        </test-method> <!-- verifySignInWithInvalidPassword -->
        <test-method status="PASS" signature="getResult(org.testng.ITestResult)[pri:0, instance:com.flowers.testcases.TC3_SignIn@13969fbe]" name="getResult" is-config="true" duration-ms="0" started-at="2019-08-28T15:37:32Z" finished-at="2019-08-28T15:37:32Z">
          <params>
            <param index="0">
              <value>
                <![CDATA[[TestResult name=verifySignInWithInvalidPassword status=SUCCESS method=TC3_SignIn.verifySignInWithInvalidPassword()[pri:9, instance:com.flowers.testcases.TC3_SignIn@13969fbe] output={null}]]]>
              </value>
            </param>
          </params>
          <reporter-output>
          </reporter-output>
        </test-method> <!-- getResult -->
        <test-method status="PASS" signature="verifySignInWithValidData()[pri:10, instance:com.flowers.testcases.TC3_SignIn@13969fbe]" name="verifySignInWithValidData" duration-ms="22267" started-at="2019-08-28T15:37:32Z" finished-at="2019-08-28T15:37:54Z">
          <reporter-output>
          </reporter-output>
        </test-method> <!-- verifySignInWithValidData -->
        <test-method status="PASS" signature="getResult(org.testng.ITestResult)[pri:0, instance:com.flowers.testcases.TC3_SignIn@13969fbe]" name="getResult" is-config="true" duration-ms="1" started-at="2019-08-28T15:37:54Z" finished-at="2019-08-28T15:37:54Z">
          <params>
            <param index="0">
              <value>
                <![CDATA[[TestResult name=verifySignInWithValidData status=SUCCESS method=TC3_SignIn.verifySignInWithValidData()[pri:10, instance:com.flowers.testcases.TC3_SignIn@13969fbe] output={null}]]]>
              </value>
            </param>
          </params>
          <reporter-output>
          </reporter-output>
        </test-method> <!-- getResult -->
      </class> <!-- com.flowers.testcases.TC3_SignIn -->
    </test> <!-- Create Account Pop-up -->
    <test name="Search By Keyword" duration-ms="87008" started-at="2019-08-28T10:07:54Z" finished-at="2019-08-28T10:09:21Z">
      <class name="com.flowers.testcases.TC4_SearchByKeyword">
        <test-method status="PASS" signature="addTestCaseName()[pri:1, instance:com.flowers.testcases.TC4_SearchByKeyword@380fb434]" name="addTestCaseName" duration-ms="4" started-at="2019-08-28T15:37:54Z" finished-at="2019-08-28T15:37:54Z">
          <reporter-output>
          </reporter-output>
        </test-method> <!-- addTestCaseName -->
        <test-method status="PASS" signature="verifyBlankSearch()[pri:2, instance:com.flowers.testcases.TC4_SearchByKeyword@380fb434]" name="verifyBlankSearch" duration-ms="123" started-at="2019-08-28T15:37:54Z" finished-at="2019-08-28T15:37:54Z">
          <reporter-output>
          </reporter-output>
        </test-method> <!-- verifyBlankSearch -->
        <test-method status="PASS" signature="getResult(org.testng.ITestResult)[pri:0, instance:com.flowers.testcases.TC4_SearchByKeyword@380fb434]" name="getResult" is-config="true" duration-ms="0" started-at="2019-08-28T15:37:54Z" finished-at="2019-08-28T15:37:54Z">
          <params>
            <param index="0">
              <value>
                <![CDATA[[TestResult name=addTestCaseName status=SUCCESS method=TC4_SearchByKeyword.addTestCaseName()[pri:1, instance:com.flowers.testcases.TC4_SearchByKeyword@380fb434] output={null}]]]>
              </value>
            </param>
          </params>
          <reporter-output>
          </reporter-output>
        </test-method> <!-- getResult -->
        <test-method status="PASS" signature="getResult(org.testng.ITestResult)[pri:0, instance:com.flowers.testcases.TC4_SearchByKeyword@380fb434]" name="getResult" is-config="true" duration-ms="0" started-at="2019-08-28T15:37:54Z" finished-at="2019-08-28T15:37:54Z">
          <params>
            <param index="0">
              <value>
                <![CDATA[[TestResult name=verifyBlankSearch status=SUCCESS method=TC4_SearchByKeyword.verifyBlankSearch()[pri:2, instance:com.flowers.testcases.TC4_SearchByKeyword@380fb434] output={null}]]]>
              </value>
            </param>
          </params>
          <reporter-output>
          </reporter-output>
        </test-method> <!-- getResult -->
        <test-method status="PASS" signature="verifyInvalidSearch()[pri:3, instance:com.flowers.testcases.TC4_SearchByKeyword@380fb434]" name="verifyInvalidSearch" duration-ms="3594" started-at="2019-08-28T15:37:54Z" finished-at="2019-08-28T15:37:58Z">
          <reporter-output>
          </reporter-output>
        </test-method> <!-- verifyInvalidSearch -->
        <test-method status="PASS" signature="getResult(org.testng.ITestResult)[pri:0, instance:com.flowers.testcases.TC4_SearchByKeyword@380fb434]" name="getResult" is-config="true" duration-ms="1" started-at="2019-08-28T15:37:58Z" finished-at="2019-08-28T15:37:58Z">
          <params>
            <param index="0">
              <value>
                <![CDATA[[TestResult name=verifyInvalidSearch status=SUCCESS method=TC4_SearchByKeyword.verifyInvalidSearch()[pri:3, instance:com.flowers.testcases.TC4_SearchByKeyword@380fb434] output={null}]]]>
              </value>
            </param>
          </params>
          <reporter-output>
          </reporter-output>
        </test-method> <!-- getResult -->
        <test-method status="PASS" signature="verifySearchResultsTitle()[pri:4, instance:com.flowers.testcases.TC4_SearchByKeyword@380fb434]" name="verifySearchResultsTitle" duration-ms="12" started-at="2019-08-28T15:37:58Z" finished-at="2019-08-28T15:37:58Z">
          <reporter-output>
          </reporter-output>
        </test-method> <!-- verifySearchResultsTitle -->
        <test-method status="PASS" signature="getResult(org.testng.ITestResult)[pri:0, instance:com.flowers.testcases.TC4_SearchByKeyword@380fb434]" name="getResult" is-config="true" duration-ms="0" started-at="2019-08-28T15:37:58Z" finished-at="2019-08-28T15:37:58Z">
          <params>
            <param index="0">
              <value>
                <![CDATA[[TestResult name=verifySearchResultsTitle status=SUCCESS method=TC4_SearchByKeyword.verifySearchResultsTitle()[pri:4, instance:com.flowers.testcases.TC4_SearchByKeyword@380fb434] output={null}]]]>
              </value>
            </param>
          </params>
          <reporter-output>
          </reporter-output>
        </test-method> <!-- getResult -->
        <test-method status="PASS" signature="verifyNumberOfSearchResults()[pri:5, instance:com.flowers.testcases.TC4_SearchByKeyword@380fb434]" name="verifyNumberOfSearchResults" duration-ms="56103" started-at="2019-08-28T15:37:58Z" finished-at="2019-08-28T15:38:54Z">
          <reporter-output>
          </reporter-output>
        </test-method> <!-- verifyNumberOfSearchResults -->
        <test-method status="PASS" signature="verifySearchResultsFirst()[pri:6, instance:com.flowers.testcases.TC4_SearchByKeyword@380fb434]" name="verifySearchResultsFirst" duration-ms="8362" started-at="2019-08-28T15:38:54Z" finished-at="2019-08-28T15:39:02Z">
          <reporter-output>
          </reporter-output>
        </test-method> <!-- verifySearchResultsFirst -->
        <test-method status="PASS" signature="getResult(org.testng.ITestResult)[pri:0, instance:com.flowers.testcases.TC4_SearchByKeyword@380fb434]" name="getResult" is-config="true" duration-ms="0" started-at="2019-08-28T15:38:54Z" finished-at="2019-08-28T15:38:54Z">
          <params>
            <param index="0">
              <value>
                <![CDATA[[TestResult name=verifyNumberOfSearchResults status=SUCCESS method=TC4_SearchByKeyword.verifyNumberOfSearchResults()[pri:5, instance:com.flowers.testcases.TC4_SearchByKeyword@380fb434] output={null}]]]>
              </value>
            </param>
          </params>
          <reporter-output>
          </reporter-output>
        </test-method> <!-- getResult -->
        <test-method status="PASS" signature="getResult(org.testng.ITestResult)[pri:0, instance:com.flowers.testcases.TC4_SearchByKeyword@380fb434]" name="getResult" is-config="true" duration-ms="0" started-at="2019-08-28T15:39:02Z" finished-at="2019-08-28T15:39:02Z">
          <params>
            <param index="0">
              <value>
                <![CDATA[[TestResult name=verifySearchResultsFirst status=SUCCESS method=TC4_SearchByKeyword.verifySearchResultsFirst()[pri:6, instance:com.flowers.testcases.TC4_SearchByKeyword@380fb434] output={null}]]]>
              </value>
            </param>
          </params>
          <reporter-output>
          </reporter-output>
        </test-method> <!-- getResult -->
        <test-method status="PASS" signature="verifyValidSearch()[pri:7, instance:com.flowers.testcases.TC4_SearchByKeyword@380fb434]" name="verifyValidSearch" duration-ms="18808" started-at="2019-08-28T15:39:02Z" finished-at="2019-08-28T15:39:21Z">
          <reporter-output>
          </reporter-output>
        </test-method> <!-- verifyValidSearch -->
        <test-method status="PASS" signature="getResult(org.testng.ITestResult)[pri:0, instance:com.flowers.testcases.TC4_SearchByKeyword@380fb434]" name="getResult" is-config="true" duration-ms="1" started-at="2019-08-28T15:39:21Z" finished-at="2019-08-28T15:39:21Z">
          <params>
            <param index="0">
              <value>
                <![CDATA[[TestResult name=verifyValidSearch status=SUCCESS method=TC4_SearchByKeyword.verifyValidSearch()[pri:7, instance:com.flowers.testcases.TC4_SearchByKeyword@380fb434] output={null}]]]>
              </value>
            </param>
          </params>
          <reporter-output>
          </reporter-output>
        </test-method> <!-- getResult -->
      </class> <!-- com.flowers.testcases.TC4_SearchByKeyword -->
    </test> <!-- Search By Keyword -->
    <test name="Search By Product Code" duration-ms="22007" started-at="2019-08-28T10:09:21Z" finished-at="2019-08-28T10:09:43Z">
      <class name="com.flowers.testcases.TC5_SearchByProductCode">
        <test-method status="PASS" signature="startExecution()[pri:0, instance:com.flowers.testcases.TC5_SearchByProductCode@79698539]" name="startExecution" is-config="true" duration-ms="14417" started-at="2019-08-28T15:37:10Z" finished-at="2019-08-28T15:37:24Z">
          <reporter-output>
          </reporter-output>
        </test-method> <!-- startExecution -->
        <test-method status="PASS" signature="addTestCaseName()[pri:1, instance:com.flowers.testcases.TC5_SearchByProductCode@79698539]" name="addTestCaseName" duration-ms="11" started-at="2019-08-28T15:39:21Z" finished-at="2019-08-28T15:39:21Z">
          <reporter-output>
          </reporter-output>
        </test-method> <!-- addTestCaseName -->
        <test-method status="PASS" signature="getResult(org.testng.ITestResult)[pri:0, instance:com.flowers.testcases.TC5_SearchByProductCode@79698539]" name="getResult" is-config="true" duration-ms="0" started-at="2019-08-28T15:39:21Z" finished-at="2019-08-28T15:39:21Z">
          <params>
            <param index="0">
              <value>
                <![CDATA[[TestResult name=addTestCaseName status=SUCCESS method=TC5_SearchByProductCode.addTestCaseName()[pri:1, instance:com.flowers.testcases.TC5_SearchByProductCode@79698539] output={null}]]]>
              </value>
            </param>
          </params>
          <reporter-output>
          </reporter-output>
        </test-method> <!-- getResult -->
        <test-method status="PASS" signature="verifyBlankSearch()[pri:2, instance:com.flowers.testcases.TC5_SearchByProductCode@79698539]" name="verifyBlankSearch" duration-ms="537" started-at="2019-08-28T15:39:21Z" finished-at="2019-08-28T15:39:22Z">
          <reporter-output>
          </reporter-output>
        </test-method> <!-- verifyBlankSearch -->
        <test-method status="PASS" signature="getResult(org.testng.ITestResult)[pri:0, instance:com.flowers.testcases.TC5_SearchByProductCode@79698539]" name="getResult" is-config="true" duration-ms="0" started-at="2019-08-28T15:39:22Z" finished-at="2019-08-28T15:39:22Z">
          <params>
            <param index="0">
              <value>
                <![CDATA[[TestResult name=verifyBlankSearch status=SUCCESS method=TC5_SearchByProductCode.verifyBlankSearch()[pri:2, instance:com.flowers.testcases.TC5_SearchByProductCode@79698539] output={null}]]]>
              </value>
            </param>
          </params>
          <reporter-output>
          </reporter-output>
        </test-method> <!-- getResult -->
        <test-method status="PASS" signature="verifyInvalidSearch()[pri:3, instance:com.flowers.testcases.TC5_SearchByProductCode@79698539]" name="verifyInvalidSearch" duration-ms="3205" started-at="2019-08-28T15:39:22Z" finished-at="2019-08-28T15:39:25Z">
          <reporter-output>
          </reporter-output>
        </test-method> <!-- verifyInvalidSearch -->
        <test-method status="PASS" signature="verifySearchResultsTitle()[pri:4, instance:com.flowers.testcases.TC5_SearchByProductCode@79698539]" name="verifySearchResultsTitle" duration-ms="8" started-at="2019-08-28T15:39:25Z" finished-at="2019-08-28T15:39:25Z">
          <reporter-output>
          </reporter-output>
        </test-method> <!-- verifySearchResultsTitle -->
        <test-method status="PASS" signature="getResult(org.testng.ITestResult)[pri:0, instance:com.flowers.testcases.TC5_SearchByProductCode@79698539]" name="getResult" is-config="true" duration-ms="0" started-at="2019-08-28T15:39:25Z" finished-at="2019-08-28T15:39:25Z">
          <params>
            <param index="0">
              <value>
                <![CDATA[[TestResult name=verifyInvalidSearch status=SUCCESS method=TC5_SearchByProductCode.verifyInvalidSearch()[pri:3, instance:com.flowers.testcases.TC5_SearchByProductCode@79698539] output={null}]]]>
              </value>
            </param>
          </params>
          <reporter-output>
          </reporter-output>
        </test-method> <!-- getResult -->
        <test-method status="FAIL" signature="verifyValidSearch()[pri:5, instance:com.flowers.testcases.TC5_SearchByProductCode@79698539]" name="verifyValidSearch" duration-ms="17560" started-at="2019-08-28T15:39:25Z" finished-at="2019-08-28T15:39:43Z">
          <exception class="org.openqa.selenium.NoSuchElementException">
            <message>
              <![CDATA[no such element: Unable to locate element: {"method":"xpath","selector":"//div[@class='pdp__prodCode']"}
  (Session info: chrome=76.0.3809.100)
For documentation on this error, please visit: http://seleniumhq.org/exceptions/no_such_element.html
Build info: version: '3.14.0', revision: 'aacccce0', time: '2018-08-02T20:19:58.91Z'
System info: host: 'SIL-WIN-17', ip: '10.116.186.253', os.name: 'Windows 10', os.arch: 'amd64', os.version: '10.0', java.version: '1.8.0_211'
Driver info: org.openqa.selenium.chrome.ChromeDriver
Capabilities {acceptInsecureCerts: false, browserName: chrome, browserVersion: 76.0.3809.100, chrome: {chromedriverVersion: 76.0.3809.68 (420c9498db8ce..., userDataDir: C:\Users\sooryen\AppData\Lo...}, goog:chromeOptions: {debuggerAddress: localhost:49641}, javascriptEnabled: true, networkConnectionEnabled: false, pageLoadStrategy: normal, platform: XP, platformName: XP, proxy: Proxy(), setWindowRect: true, strictFileInteractability: false, timeouts: {implicit: 0, pageLoad: 300000, script: 30000}, unhandledPromptBehavior: dismiss and notify}
Session ID: d590b26b66ca7c7ad99cb03763970649
*** Element info: {Using=xpath, value=//div[@class='pdp__prodCode']}]]>
            </message>
            <full-stacktrace>
              <![CDATA[org.openqa.selenium.NoSuchElementException: no such element: Unable to locate element: {"method":"xpath","selector":"//div[@class='pdp__prodCode']"}
  (Session info: chrome=76.0.3809.100)
For documentation on this error, please visit: http://seleniumhq.org/exceptions/no_such_element.html
Build info: version: '3.14.0', revision: 'aacccce0', time: '2018-08-02T20:19:58.91Z'
System info: host: 'SIL-WIN-17', ip: '10.116.186.253', os.name: 'Windows 10', os.arch: 'amd64', os.version: '10.0', java.version: '1.8.0_211'
Driver info: org.openqa.selenium.chrome.ChromeDriver
Capabilities {acceptInsecureCerts: false, browserName: chrome, browserVersion: 76.0.3809.100, chrome: {chromedriverVersion: 76.0.3809.68 (420c9498db8ce..., userDataDir: C:\Users\sooryen\AppData\Lo...}, goog:chromeOptions: {debuggerAddress: localhost:49641}, javascriptEnabled: true, networkConnectionEnabled: false, pageLoadStrategy: normal, platform: XP, platformName: XP, proxy: Proxy(), setWindowRect: true, strictFileInteractability: false, timeouts: {implicit: 0, pageLoad: 300000, script: 30000}, unhandledPromptBehavior: dismiss and notify}
Session ID: d590b26b66ca7c7ad99cb03763970649
*** Element info: {Using=xpath, value=//div[@class='pdp__prodCode']}
	at sun.reflect.NativeConstructorAccessorImpl.newInstance0(Native Method)
	at sun.reflect.NativeConstructorAccessorImpl.newInstance(NativeConstructorAccessorImpl.java:62)
	at sun.reflect.DelegatingConstructorAccessorImpl.newInstance(DelegatingConstructorAccessorImpl.java:45)
	at java.lang.reflect.Constructor.newInstance(Constructor.java:423)
	at org.openqa.selenium.remote.http.W3CHttpResponseCodec.createException(W3CHttpResponseCodec.java:187)
	at org.openqa.selenium.remote.http.W3CHttpResponseCodec.decode(W3CHttpResponseCodec.java:122)
	at org.openqa.selenium.remote.http.W3CHttpResponseCodec.decode(W3CHttpResponseCodec.java:49)
	at org.openqa.selenium.remote.HttpCommandExecutor.execute(HttpCommandExecutor.java:158)
	at org.openqa.selenium.remote.service.DriverCommandExecutor.execute(DriverCommandExecutor.java:83)
	at org.openqa.selenium.remote.RemoteWebDriver.execute(RemoteWebDriver.java:548)
	at org.openqa.selenium.remote.RemoteWebDriver.findElement(RemoteWebDriver.java:322)
	at org.openqa.selenium.remote.RemoteWebDriver.findElementByXPath(RemoteWebDriver.java:424)
	at org.openqa.selenium.By$ByXPath.findElement(By.java:353)
	at org.openqa.selenium.remote.RemoteWebDriver.findElement(RemoteWebDriver.java:314)
	at com.flowers.utils.Utility.getElementByxpath(Utility.java:56)
	at com.flowers.action.A5_SearchByProductCode.verifyValidSearch(A5_SearchByProductCode.java:88)
	at com.flowers.testcases.TC5_SearchByProductCode.verifyValidSearch(TC5_SearchByProductCode.java:41)
	at sun.reflect.NativeMethodAccessorImpl.invoke0(Native Method)
	at sun.reflect.NativeMethodAccessorImpl.invoke(NativeMethodAccessorImpl.java:62)
	at sun.reflect.DelegatingMethodAccessorImpl.invoke(DelegatingMethodAccessorImpl.java:43)
	at java.lang.reflect.Method.invoke(Method.java:498)
	at org.testng.internal.MethodInvocationHelper.invokeMethod(MethodInvocationHelper.java:108)
	at org.testng.internal.Invoker.invokeMethod(Invoker.java:661)
	at org.testng.internal.Invoker.invokeTestMethod(Invoker.java:869)
	at org.testng.internal.Invoker.invokeTestMethods(Invoker.java:1193)
	at org.testng.internal.TestMethodWorker.invokeTestMethods(TestMethodWorker.java:126)
	at org.testng.internal.TestMethodWorker.run(TestMethodWorker.java:109)
	at org.testng.TestRunner.privateRun(TestRunner.java:744)
	at org.testng.TestRunner.run(TestRunner.java:602)
	at org.testng.SuiteRunner.runTest(SuiteRunner.java:380)
	at org.testng.SuiteRunner.runSequentially(SuiteRunner.java:375)
	at org.testng.SuiteRunner.privateRun(SuiteRunner.java:340)
	at org.testng.SuiteRunner.run(SuiteRunner.java:289)
	at org.testng.SuiteRunnerWorker.runSuite(SuiteRunnerWorker.java:52)
	at org.testng.SuiteRunnerWorker.run(SuiteRunnerWorker.java:86)
	at org.testng.TestNG.runSuitesSequentially(TestNG.java:1301)
	at org.testng.TestNG.runSuitesLocally(TestNG.java:1226)
	at org.testng.TestNG.runSuites(TestNG.java:1144)
	at org.testng.TestNG.run(TestNG.java:1115)
	at org.apache.maven.surefire.testng.TestNGExecutor.run(TestNGExecutor.java:281)
	at org.apache.maven.surefire.testng.TestNGXmlTestSuite.execute(TestNGXmlTestSuite.java:75)
	at org.apache.maven.surefire.testng.TestNGProvider.invoke(TestNGProvider.java:121)
	at org.apache.maven.surefire.booter.ForkedBooter.invokeProviderInSameClassLoader(ForkedBooter.java:290)
	at org.apache.maven.surefire.booter.ForkedBooter.runSuitesInProcess(ForkedBooter.java:242)
	at org.apache.maven.surefire.booter.ForkedBooter.main(ForkedBooter.java:121)
]]>
            </full-stacktrace>
          </exception> <!-- org.openqa.selenium.NoSuchElementException -->
          <reporter-output>
          </reporter-output>
        </test-method> <!-- verifyValidSearch -->
        <test-method status="PASS" signature="getResult(org.testng.ITestResult)[pri:0, instance:com.flowers.testcases.TC5_SearchByProductCode@79698539]" name="getResult" is-config="true" duration-ms="0" started-at="2019-08-28T15:39:25Z" finished-at="2019-08-28T15:39:25Z">
          <params>
            <param index="0">
              <value>
                <![CDATA[[TestResult name=verifySearchResultsTitle status=SUCCESS method=TC5_SearchByProductCode.verifySearchResultsTitle()[pri:4, instance:com.flowers.testcases.TC5_SearchByProductCode@79698539] output={null}]]]>
              </value>
            </param>
          </params>
          <reporter-output>
          </reporter-output>
        </test-method> <!-- getResult -->
        <test-method status="PASS" signature="getResult(org.testng.ITestResult)[pri:0, instance:com.flowers.testcases.TC5_SearchByProductCode@79698539]" name="getResult" is-config="true" duration-ms="471" started-at="2019-08-28T15:39:43Z" finished-at="2019-08-28T15:39:43Z">
          <params>
            <param index="0">
              <value>
                <![CDATA[[TestResult name=verifyValidSearch status=FAILURE method=TC5_SearchByProductCode.verifyValidSearch()[pri:5, instance:com.flowers.testcases.TC5_SearchByProductCode@79698539] output={null}]]]>
              </value>
            </param>
          </params>
          <reporter-output>
          </reporter-output>
        </test-method> <!-- getResult -->
        <test-method status="PASS" signature="stopExecution()[pri:0, instance:com.flowers.testcases.TC5_SearchByProductCode@79698539]" name="stopExecution" is-config="true" duration-ms="7009" started-at="2019-08-28T15:39:43Z" finished-at="2019-08-28T15:39:50Z">
          <reporter-output>
          </reporter-output>
        </test-method> <!-- stopExecution -->
      </class> <!-- com.flowers.testcases.TC5_SearchByProductCode -->
    </test> <!-- Search By Product Code -->
  </suite> <!-- Suite -->
</testng-results>
