<?xml version="1.0" encoding="UTF-8"?>
<!-- Generated by org.testng.reporters.JUnitReportReporter -->
<testsuite skipped="0" hostname="SIL-WIN-17" name="com.flowers.testcases.TC_Module10_Recipients" tests="12" failures="1" timestamp="2019-10-05T15:40:39 IST" time="25.117" errors="0">
  <testcase name="verifyRecipientsTestCase" time="0.006" classname="com.flowers.testcases.TC_Module10_Recipients"/>
  <testcase name="verifyRecipientsTitle" time="0.026" classname="com.flowers.testcases.TC_Module10_Recipients"/>
  <testcase name="verifyProductDetails" time="0.175" classname="com.flowers.testcases.TC_Module10_Recipients"/>
  <testcase name="verifyBlankFieldsWithCity" time="6.427" classname="com.flowers.testcases.TC_Module10_Recipients"/>
  <testcase name="verifyBlankFieldsWithoutCity" time="15.961" classname="com.flowers.testcases.TC_Module10_Recipients"/>
  <testcase name="verifyDefaultTitle" time="0.074" classname="com.flowers.testcases.TC_Module10_Recipients"/>
  <testcase name="verifyDefaultLocationType" time="0.078" classname="com.flowers.testcases.TC_Module10_Recipients"/>
  <testcase name="verifyDefaultCity" time="0.068" classname="com.flowers.testcases.TC_Module10_Recipients"/>
  <testcase name="verifyAllTitles" time="0.737" classname="com.flowers.testcases.TC_Module10_Recipients"/>
  <testcase name="verifyAllLocationTypes" time="0.734" classname="com.flowers.testcases.TC_Module10_Recipients">
    <failure type="java.lang.AssertionError" message="Insufficient options in the location type drop-down list">
      <![CDATA[java.lang.AssertionError: Insufficient options in the location type drop-down list
at org.testng.Assert.fail(Assert.java:97)
at com.flowers.action.A10_Recipients.verifyAllLocationTypes(A10_Recipients.java:236)
at com.flowers.testcases.TC_Module10_Recipients.verifyAllLocationTypes(TC_Module10_Recipients.java:59)
at sun.reflect.NativeMethodAccessorImpl.invoke0(Native Method)
at sun.reflect.NativeMethodAccessorImpl.invoke(NativeMethodAccessorImpl.java:62)
at sun.reflect.DelegatingMethodAccessorImpl.invoke(DelegatingMethodAccessorImpl.java:43)
at java.lang.reflect.Method.invoke(Method.java:498)
at org.testng.internal.MethodInvocationHelper.invokeMethod(MethodInvocationHelper.java:133)
at org.testng.internal.TestInvoker.invokeMethod(TestInvoker.java:584)
at org.testng.internal.TestInvoker.invokeTestMethod(TestInvoker.java:172)
at org.testng.internal.MethodRunner.runInSequence(MethodRunner.java:46)
at org.testng.internal.TestInvoker$MethodInvocationAgent.invoke(TestInvoker.java:804)
at org.testng.internal.TestInvoker.invokeTestMethods(TestInvoker.java:145)
at org.testng.internal.TestMethodWorker.invokeTestMethods(TestMethodWorker.java:146)
at org.testng.internal.TestMethodWorker.run(TestMethodWorker.java:128)
at java.util.ArrayList.forEach(ArrayList.java:1257)
at org.testng.TestRunner.privateRun(TestRunner.java:770)
at org.testng.TestRunner.run(TestRunner.java:591)
at org.testng.SuiteRunner.runTest(SuiteRunner.java:402)
at org.testng.SuiteRunner.runSequentially(SuiteRunner.java:396)
at org.testng.SuiteRunner.privateRun(SuiteRunner.java:355)
at org.testng.SuiteRunner.run(SuiteRunner.java:304)
at org.testng.SuiteRunnerWorker.runSuite(SuiteRunnerWorker.java:53)
at org.testng.SuiteRunnerWorker.run(SuiteRunnerWorker.java:96)
at org.testng.TestNG.runSuitesSequentially(TestNG.java:1180)
at org.testng.TestNG.runSuitesLocally(TestNG.java:1102)
at org.testng.TestNG.runSuites(TestNG.java:1032)
at org.testng.TestNG.run(TestNG.java:1000)
at org.testng.remote.AbstractRemoteTestNG.run(AbstractRemoteTestNG.java:115)
at org.testng.remote.RemoteTestNG.initAndRun(RemoteTestNG.java:251)
at org.testng.remote.RemoteTestNG.main(RemoteTestNG.java:77)
]]>
    </failure>
  </testcase> <!-- verifyAllLocationTypes -->
  <testcase name="verifyExpectedTitle" time="0.487" classname="com.flowers.testcases.TC_Module10_Recipients"/>
  <testcase name="verifyExpectedLocationTypes" time="0.344" classname="com.flowers.testcases.TC_Module10_Recipients"/>
</testsuite> <!-- com.flowers.testcases.TC_Module10_Recipients -->
